# JRE version: Java(TM) SE Runtime Environment (9.0+11) (build 9.0.4+11)
# Java VM: Java HotSpot(TM) 64-Bit Server VM (9.0.4+11, mixed mode, tiered, compressed oops, g1 gc, windows-amd64)
Heap:
 garbage-first heap   total 214016K, used 127976K [0x0000000700000000, 0x0000000700100688, 0x00000007c0000000)
  region size 1024K, 34 young (34816K), 4 survivors (4096K)
 Metaspace       used 95875K, capacity 102200K, committed 102396K, reserved 1136640K
  class space    used 13974K, capacity 15064K, committed 15100K, reserved 1048576K
GC Heap History (10 events):
Event: 2486.407 GC heap before
{Heap before GC invocations=233 (full 19):
 garbage-first heap   total 214016K, used 153888K [0x0000000700000000, 0x0000000700100688, 0x00000007c0000000)
  region size 1024K, 60 young (61440K), 3 survivors (3072K)
 Metaspace       used 95789K, capacity 102136K, committed 102396K, reserved 1136640K
  class space    used 13974K, capacity 15064K, committed 15100K, reserved 1048576K
}
Event: 2486.414 GC heap after
{Heap after GC invocations=234 (full 19):
 garbage-first heap   total 214016K, used 98381K [0x0000000700000000, 0x0000000700100688, 0x00000007c0000000)
  region size 1024K, 6 young (6144K), 6 survivors (6144K)
 Metaspace       used 95789K, capacity 102136K, committed 102396K, reserved 1136640K
  class space    used 13974K, capacity 15064K, committed 15100K, reserved 1048576K
}
Event: 2486.612 GC heap before
{Heap before GC invocations=234 (full 19):
 garbage-first heap   total 214016K, used 153677K [0x0000000700000000, 0x0000000700100688, 0x00000007c0000000)
  region size 1024K, 60 young (61440K), 6 survivors (6144K)
 Metaspace       used 95803K, capacity 102136K, committed 102396K, reserved 1136640K
  class space    used 13974K, capacity 15064K, committed 15100K, reserved 1048576K
}
Event: 2486.618 GC heap after
{Heap after GC invocations=235 (full 19):
 garbage-first heap   total 214016K, used 98951K [0x0000000700000000, 0x0000000700100688, 0x00000007c0000000)
  region size 1024K, 5 young (5120K), 5 survivors (5120K)
 Metaspace       used 95803K, capacity 102136K, committed 102396K, reserved 1136640K
  class space    used 13974K, capacity 15064K, committed 15100K, reserved 1048576K
}
Event: 2486.988 GC heap before
{Heap before GC invocations=235 (full 19):
 garbage-first heap   total 214016K, used 155271K [0x0000000700000000, 0x0000000700100688, 0x00000007c0000000)
  region size 1024K, 60 young (61440K), 5 survivors (5120K)
 Metaspace       used 95821K, capacity 102136K, committed 102396K, reserved 1136640K
  class space    used 13974K, capacity 15064K, committed 15100K, reserved 1048576K
}
Event: 2486.993 GC heap after
{Heap after GC invocations=236 (full 19):
 garbage-first heap   total 214016K, used 98209K [0x0000000700000000, 0x0000000700100688, 0x00000007c0000000)
  region size 1024K, 4 young (4096K), 4 survivors (4096K)
 Metaspace       used 95821K, capacity 102136K, committed 102396K, reserved 1136640K
  class space    used 13974K, capacity 15064K, committed 15100K, reserved 1048576K
}
Event: 2487.112 GC heap before
{Heap before GC invocations=236 (full 19):
 garbage-first heap   total 214016K, used 155553K [0x0000000700000000, 0x0000000700100688, 0x00000007c0000000)
  region size 1024K, 60 young (61440K), 4 survivors (4096K)
 Metaspace       used 95862K, capacity 102200K, committed 102396K, reserved 1136640K
  class space    used 13974K, capacity 15064K, committed 15100K, reserved 1048576K
}
Event: 2487.117 GC heap after
{Heap after GC invocations=237 (full 19):
 garbage-first heap   total 214016K, used 98220K [0x0000000700000000, 0x0000000700100688, 0x00000007c0000000)
  region size 1024K, 4 young (4096K), 4 survivors (4096K)
 Metaspace       used 95862K, capacity 102200K, committed 102396K, reserved 1136640K
  class space    used 13974K, capacity 15064K, committed 15100K, reserved 1048576K
}
Event: 2490.991 GC heap before
{Heap before GC invocations=237 (full 19):
 garbage-first heap   total 214016K, used 155564K [0x0000000700000000, 0x0000000700100688, 0x00000007c0000000)
  region size 1024K, 60 young (61440K), 4 survivors (4096K)
 Metaspace       used 95864K, capacity 102200K, committed 102396K, reserved 1136640K
  class space    used 13974K, capacity 15064K, committed 15100K, reserved 1048576K
}
Event: 2490.996 GC heap after
{Heap after GC invocations=238 (full 19):
 garbage-first heap   total 214016K, used 98280K [0x0000000700000000, 0x0000000700100688, 0x00000007c0000000)
  region size 1024K, 4 young (4096K), 4 survivors (4096K)
 Metaspace       used 95864K, capacity 102200K, committed 102396K, reserved 1136640K
  class space    used 13974K, capacity 15064K, committed 15100K, reserved 1048576K
}

