# JRE version: Java(TM) SE Runtime Environment (9.0+11) (build 9.0.4+11)
# Java VM: Java HotSpot(TM) 64-Bit Server VM (9.0.4+11, mixed mode, tiered, compressed oops, g1 gc, windows-amd64)
Heap:
 garbage-first heap   total 355328K, used 163765K [0x0000000700000000, 0x0000000700100ad8, 0x00000007c0000000)
  region size 1024K, 43 young (44032K), 2 survivors (2048K)
 Metaspace       used 101074K, capacity 103308K, committed 110716K, reserved 1144832K
  class space    used 14228K, capacity 14684K, committed 16252K, reserved 1048576K
GC Heap History (10 events):
Event: 11074.632 GC heap before
{Heap before GC invocations=1174 (full 200):
 garbage-first heap   total 355328K, used 184734K [0x0000000700000000, 0x0000000700100ad8, 0x00000007c0000000)
  region size 1024K, 60 young (61440K), 4 survivors (4096K)
 Metaspace       used 101027K, capacity 103308K, committed 110716K, reserved 1144832K
  class space    used 14228K, capacity 14684K, committed 16252K, reserved 1048576K
}
Event: 11074.638 GC heap after
{Heap after GC invocations=1175 (full 200):
 garbage-first heap   total 355328K, used 127631K [0x0000000700000000, 0x0000000700100ad8, 0x00000007c0000000)
  region size 1024K, 4 young (4096K), 4 survivors (4096K)
 Metaspace       used 101027K, capacity 103308K, committed 110716K, reserved 1144832K
  class space    used 14228K, capacity 14684K, committed 16252K, reserved 1048576K
}
Event: 11075.902 GC heap before
{Heap before GC invocations=1175 (full 200):
 garbage-first heap   total 355328K, used 184975K [0x0000000700000000, 0x0000000700100ad8, 0x00000007c0000000)
  region size 1024K, 60 young (61440K), 4 survivors (4096K)
 Metaspace       used 101029K, capacity 103308K, committed 110716K, reserved 1144832K
  class space    used 14228K, capacity 14684K, committed 16252K, reserved 1048576K
}
Event: 11075.907 GC heap after
{Heap after GC invocations=1176 (full 200):
 garbage-first heap   total 355328K, used 127290K [0x0000000700000000, 0x0000000700100ad8, 0x00000007c0000000)
  region size 1024K, 4 young (4096K), 4 survivors (4096K)
 Metaspace       used 101029K, capacity 103308K, committed 110716K, reserved 1144832K
  class space    used 14228K, capacity 14684K, committed 16252K, reserved 1048576K
}
Event: 11076.600 GC heap before
{Heap before GC invocations=1176 (full 200):
 garbage-first heap   total 355328K, used 161082K [0x0000000700000000, 0x0000000700100ad8, 0x00000007c0000000)
  region size 1024K, 38 young (38912K), 4 survivors (4096K)
 Metaspace       used 101037K, capacity 103308K, committed 110716K, reserved 1144832K
  class space    used 14228K, capacity 14684K, committed 16252K, reserved 1048576K
}
Event: 11077.026 GC heap after
{Heap after GC invocations=1177 (full 201):
 garbage-first heap   total 355328K, used 120199K [0x0000000700000000, 0x0000000700100ad8, 0x00000007c0000000)
  region size 1024K, 0 young (0K), 0 survivors (0K)
 Metaspace       used 101037K, capacity 103308K, committed 110716K, reserved 1144832K
  class space    used 14228K, capacity 14684K, committed 16252K, reserved 1048576K
}
Event: 11080.751 GC heap before
{Heap before GC invocations=1177 (full 201):
 garbage-first heap   total 355328K, used 181639K [0x0000000700000000, 0x0000000700100ad8, 0x00000007c0000000)
  region size 1024K, 60 young (61440K), 0 survivors (0K)
 Metaspace       used 101049K, capacity 103308K, committed 110716K, reserved 1144832K
  class space    used 14228K, capacity 14684K, committed 16252K, reserved 1048576K
}
Event: 11080.754 GC heap after
{Heap after GC invocations=1178 (full 201):
 garbage-first heap   total 355328K, used 121536K [0x0000000700000000, 0x0000000700100ad8, 0x00000007c0000000)
  region size 1024K, 2 young (2048K), 2 survivors (2048K)
 Metaspace       used 101049K, capacity 103308K, committed 110716K, reserved 1144832K
  class space    used 14228K, capacity 14684K, committed 16252K, reserved 1048576K
}
Event: 11088.339 GC heap before
{Heap before GC invocations=1178 (full 201):
 garbage-first heap   total 355328K, used 181952K [0x0000000700000000, 0x0000000700100ad8, 0x00000007c0000000)
  region size 1024K, 60 young (61440K), 2 survivors (2048K)
 Metaspace       used 101053K, capacity 103308K, committed 110716K, reserved 1144832K
  class space    used 14228K, capacity 14684K, committed 16252K, reserved 1048576K
}
Event: 11088.345 GC heap after
{Heap after GC invocations=1179 (full 201):
 garbage-first heap   total 355328K, used 122805K [0x0000000700000000, 0x0000000700100ad8, 0x00000007c0000000)
  region size 1024K, 2 young (2048K), 2 survivors (2048K)
 Metaspace       used 101053K, capacity 103308K, committed 110716K, reserved 1144832K
  class space    used 14228K, capacity 14684K, committed 16252K, reserved 1048576K
}

